<?xml version="1.0" encoding="UTF-8" ?>
<testsuite tests="24" failures="0" name="compropago.sdk.UnitTest" time="24.205" errors="0" skipped="0">
  <properties>
    <property name="java.runtime.name" value="Java(TM) SE Runtime Environment"/>
    <property name="sun.boot.library.path" value="/Library/Java/JavaVirtualMachines/jdk1.8.0_73.jdk/Contents/Home/jre/lib"/>
    <property name="java.vm.version" value="25.73-b02"/>
    <property name="user.country.format" value="MX"/>
    <property name="gopherProxySet" value="false"/>
    <property name="java.vm.vendor" value="Oracle Corporation"/>
    <property name="java.vendor.url" value="http://java.oracle.com/"/>
    <property name="path.separator" value=":"/>
    <property name="guice.disable.misplaced.annotation.check" value="true"/>
    <property name="java.vm.name" value="Java HotSpot(TM) 64-Bit Server VM"/>
    <property name="file.encoding.pkg" value="sun.io"/>
    <property name="user.country" value="XL"/>
    <property name="sun.java.launcher" value="SUN_STANDARD"/>
    <property name="sun.os.patch.level" value="unknown"/>
    <property name="java.vm.specification.name" value="Java Virtual Machine Specification"/>
    <property name="user.dir" value="/Users/Arthur/Desktop/sdk-packages/JavaSdk"/>
    <property name="java.runtime.version" value="1.8.0_73-b02"/>
    <property name="java.awt.graphicsenv" value="sun.awt.CGraphicsEnvironment"/>
    <property name="java.endorsed.dirs" value="/Library/Java/JavaVirtualMachines/jdk1.8.0_73.jdk/Contents/Home/jre/lib/endorsed"/>
    <property name="os.arch" value="x86_64"/>
    <property name="java.io.tmpdir" value="/var/folders/wz/tjwrx3ys6vn18ht2sh3tycxw0000gn/T/"/>
    <property name="line.separator" value="
"/>
    <property name="java.vm.specification.vendor" value="Oracle Corporation"/>
    <property name="os.name" value="Mac OS X"/>
    <property name="maven.ext.class.path" value="/Applications/NetBeans/NetBeans 8.1.app/Contents/Resources/NetBeans/java/maven-nblib/netbeans-eventspy.jar"/>
    <property name="classworlds.conf" value="/Applications/NetBeans/NetBeans 8.1.app/Contents/Resources/NetBeans/java/maven/bin/m2.conf"/>
    <property name="sun.jnu.encoding" value="UTF-8"/>
    <property name="java.library.path" value="/Users/Arthur/Library/Java/Extensions:/Library/Java/Extensions:/Network/Library/Java/Extensions:/System/Library/Java/Extensions:/usr/lib/java:."/>
    <property name="java.specification.name" value="Java Platform API Specification"/>
    <property name="java.class.version" value="52.0"/>
    <property name="sun.management.compiler" value="HotSpot 64-Bit Tiered Compilers"/>
    <property name="os.version" value="10.12.1"/>
    <property name="http.nonProxyHosts" value="local|*.local|169.254/16|*.169.254/16"/>
    <property name="user.home" value="/Users/Arthur"/>
    <property name="user.timezone" value="America/Mexico_City"/>
    <property name="java.awt.printerjob" value="sun.lwawt.macosx.CPrinterJob"/>
    <property name="java.specification.version" value="1.8"/>
    <property name="file.encoding" value="UTF-8"/>
    <property name="user.name" value="Arthur"/>
    <property name="java.class.path" value="/Applications/NetBeans/NetBeans 8.1.app/Contents/Resources/NetBeans/java/maven/boot/plexus-classworlds-2.4.jar"/>
    <property name="java.vm.specification.version" value="1.8"/>
    <property name="sun.arch.data.model" value="64"/>
    <property name="java.home" value="/Library/Java/JavaVirtualMachines/jdk1.8.0_73.jdk/Contents/Home/jre"/>
    <property name="sun.java.command" value="org.codehaus.plexus.classworlds.launcher.Launcher -Dmaven.ext.class.path=/Applications/NetBeans/NetBeans 8.1.app/Contents/Resources/NetBeans/java/maven-nblib/netbeans-eventspy.jar clean install"/>
    <property name="java.specification.vendor" value="Oracle Corporation"/>
    <property name="user.language" value="es"/>
    <property name="awt.toolkit" value="sun.lwawt.macosx.LWCToolkit"/>
    <property name="java.vm.info" value="mixed mode"/>
    <property name="java.version" value="1.8.0_73"/>
    <property name="java.ext.dirs" value="/Users/Arthur/Library/Java/Extensions:/Library/Java/JavaVirtualMachines/jdk1.8.0_73.jdk/Contents/Home/jre/lib/ext:/Library/Java/Extensions:/Network/Library/Java/Extensions:/System/Library/Java/Extensions:/usr/lib/java"/>
    <property name="sun.boot.class.path" value="/Library/Java/JavaVirtualMachines/jdk1.8.0_73.jdk/Contents/Home/jre/lib/resources.jar:/Library/Java/JavaVirtualMachines/jdk1.8.0_73.jdk/Contents/Home/jre/lib/rt.jar:/Library/Java/JavaVirtualMachines/jdk1.8.0_73.jdk/Contents/Home/jre/lib/sunrsasign.jar:/Library/Java/JavaVirtualMachines/jdk1.8.0_73.jdk/Contents/Home/jre/lib/jsse.jar:/Library/Java/JavaVirtualMachines/jdk1.8.0_73.jdk/Contents/Home/jre/lib/jce.jar:/Library/Java/JavaVirtualMachines/jdk1.8.0_73.jdk/Contents/Home/jre/lib/charsets.jar:/Library/Java/JavaVirtualMachines/jdk1.8.0_73.jdk/Contents/Home/jre/lib/jfr.jar:/Library/Java/JavaVirtualMachines/jdk1.8.0_73.jdk/Contents/Home/jre/classes"/>
    <property name="java.vendor" value="Oracle Corporation"/>
    <property name="maven.home" value="/Applications/NetBeans/NetBeans 8.1.app/Contents/Resources/NetBeans/java/maven"/>
    <property name="file.separator" value="/"/>
    <property name="java.vendor.url.bug" value="http://bugreport.sun.com/bugreport/"/>
    <property name="sun.cpu.endian" value="little"/>
    <property name="sun.io.unicode.encoding" value="UnicodeBig"/>
    <property name="socksNonProxyHosts" value="local|*.local|169.254/16|*.169.254/16"/>
    <property name="ftp.nonProxyHosts" value="local|*.local|169.254/16|*.169.254/16"/>
    <property name="sun.cpu.isalist" value=""/>
  </properties>
  <testcase classname="compropago.sdk.UnitTest" name="testCreateClient" time="0.008"/>
  <testcase classname="compropago.sdk.UnitTest" name="testEvalAuth" time="0.457"/>
  <testcase classname="compropago.sdk.UnitTest" name="testServiceCreateWebhook" time="0.168"/>
  <testcase classname="compropago.sdk.UnitTest" name="testServiceDeleteWebhook" time="0.362"/>
  <testcase classname="compropago.sdk.UnitTest" name="testServiceListWebhooks" time="0.178"/>
  <testcase classname="compropago.sdk.UnitTest" name="testServicePlaceOrder7Eleven" time="0.975"/>
  <testcase classname="compropago.sdk.UnitTest" name="testServicePlaceOrderCasaLey" time="2.098"/>
  <testcase classname="compropago.sdk.UnitTest" name="testServicePlaceOrderCoppel" time="1.027"/>
  <testcase classname="compropago.sdk.UnitTest" name="testServicePlaceOrderDefault" time="1.8"/>
  <testcase classname="compropago.sdk.UnitTest" name="testServicePlaceOrderElektra" time="2.252"/>
  <testcase classname="compropago.sdk.UnitTest" name="testServicePlaceOrderExtra" time="1.38"/>
  <testcase classname="compropago.sdk.UnitTest" name="testServicePlaceOrderFarmaciaABC" time="1.393"/>
  <testcase classname="compropago.sdk.UnitTest" name="testServicePlaceOrderFarmaciaEsquivar" time="2.547"/>
  <testcase classname="compropago.sdk.UnitTest" name="testServicePlaceOrderOxxo" time="1.234"/>
  <testcase classname="compropago.sdk.UnitTest" name="testServicePlaceOrderPitico" time="2.269"/>
  <testcase classname="compropago.sdk.UnitTest" name="testServicePlaceOrderTelecomm" time="1.413"/>
  <testcase classname="compropago.sdk.UnitTest" name="testServiceProviders" time="0.135"/>
  <testcase classname="compropago.sdk.UnitTest" name="testServiceProvidersAuth" time="0.196"/>
  <testcase classname="compropago.sdk.UnitTest" name="testServiceProvidersAuthFetch" time="0.198"/>
  <testcase classname="compropago.sdk.UnitTest" name="testServiceProvidersAuthLimit" time="0.212"/>
  <testcase classname="compropago.sdk.UnitTest" name="testServiceProvidersLimit" time="0.115"/>
  <testcase classname="compropago.sdk.UnitTest" name="testServiceSms" time="1.91"/>
  <testcase classname="compropago.sdk.UnitTest" name="testServiceUpdateWebhook" time="0.34"/>
  <testcase classname="compropago.sdk.UnitTest" name="testServiceVerifyOrder" time="1.371"/>
</testsuite>